making all in /home/phra/tesi/mih/ODTONE/app/dhcp_usr/libs/bind/bind-9.8.4-P1/lib/export/isc
making all in /home/phra/tesi/mih/ODTONE/app/dhcp_usr/libs/bind/bind-9.8.4-P1/lib/export/isc/include
making all in /home/phra/tesi/mih/ODTONE/app/dhcp_usr/libs/bind/bind-9.8.4-P1/lib/export/isc/include/isc
making all in /home/phra/tesi/mih/ODTONE/app/dhcp_usr/libs/bind/bind-9.8.4-P1/lib/export/isc/unix
making all in /home/phra/tesi/mih/ODTONE/app/dhcp_usr/libs/bind/bind-9.8.4-P1/lib/export/isc/unix/include
making all in /home/phra/tesi/mih/ODTONE/app/dhcp_usr/libs/bind/bind-9.8.4-P1/lib/export/isc/unix/include/isc
making all in /home/phra/tesi/mih/ODTONE/app/dhcp_usr/libs/bind/bind-9.8.4-P1/lib/export/isc/nls
making all in /home/phra/tesi/mih/ODTONE/app/dhcp_usr/libs/bind/bind-9.8.4-P1/lib/export/isc/nothreads
making all in /home/phra/tesi/mih/ODTONE/app/dhcp_usr/libs/bind/bind-9.8.4-P1/lib/export/isc/nothreads/include
making all in /home/phra/tesi/mih/ODTONE/app/dhcp_usr/libs/bind/bind-9.8.4-P1/lib/export/isc/nothreads/include/isc
making all in /home/phra/tesi/mih/ODTONE/app/dhcp_usr/libs/bind/bind-9.8.4-P1/lib/export/dns
making all in /home/phra/tesi/mih/ODTONE/app/dhcp_usr/libs/bind/bind-9.8.4-P1/lib/export/dns/include
making all in /home/phra/tesi/mih/ODTONE/app/dhcp_usr/libs/bind/bind-9.8.4-P1/lib/export/dns/include/dns
making all in /home/phra/tesi/mih/ODTONE/app/dhcp_usr/libs/bind/bind-9.8.4-P1/lib/export/dns/include/dst
making all in /home/phra/tesi/mih/ODTONE/app/dhcp_usr/libs/bind/bind-9.8.4-P1/lib/export/isccfg
making all in /home/phra/tesi/mih/ODTONE/app/dhcp_usr/libs/bind/bind-9.8.4-P1/lib/export/isccfg/include
making all in /home/phra/tesi/mih/ODTONE/app/dhcp_usr/libs/bind/bind-9.8.4-P1/lib/export/isccfg/include/isccfg
making all in /home/phra/tesi/mih/ODTONE/app/dhcp_usr/libs/bind/bind-9.8.4-P1/lib/export/irs
making all in /home/phra/tesi/mih/ODTONE/app/dhcp_usr/libs/bind/bind-9.8.4-P1/lib/export/irs/include
making all in /home/phra/tesi/mih/ODTONE/app/dhcp_usr/libs/bind/bind-9.8.4-P1/lib/export/irs/include/irs
making all in /home/phra/tesi/mih/ODTONE/app/dhcp_usr/libs/bind/bind-9.8.4-P1/lib/export/samples
making install in /home/phra/tesi/mih/ODTONE/app/dhcp_usr/libs/bind/bind-9.8.4-P1/lib/export/isc
making all in /home/phra/tesi/mih/ODTONE/app/dhcp_usr/libs/bind/bind-9.8.4-P1/lib/export/isc/include
making all in /home/phra/tesi/mih/ODTONE/app/dhcp_usr/libs/bind/bind-9.8.4-P1/lib/export/isc/include/isc
making all in /home/phra/tesi/mih/ODTONE/app/dhcp_usr/libs/bind/bind-9.8.4-P1/lib/export/isc/unix
making all in /home/phra/tesi/mih/ODTONE/app/dhcp_usr/libs/bind/bind-9.8.4-P1/lib/export/isc/unix/include
making all in /home/phra/tesi/mih/ODTONE/app/dhcp_usr/libs/bind/bind-9.8.4-P1/lib/export/isc/unix/include/isc
making all in /home/phra/tesi/mih/ODTONE/app/dhcp_usr/libs/bind/bind-9.8.4-P1/lib/export/isc/nls
making all in /home/phra/tesi/mih/ODTONE/app/dhcp_usr/libs/bind/bind-9.8.4-P1/lib/export/isc/nothreads
making all in /home/phra/tesi/mih/ODTONE/app/dhcp_usr/libs/bind/bind-9.8.4-P1/lib/export/isc/nothreads/include
making all in /home/phra/tesi/mih/ODTONE/app/dhcp_usr/libs/bind/bind-9.8.4-P1/lib/export/isc/nothreads/include/isc
making install in /home/phra/tesi/mih/ODTONE/app/dhcp_usr/libs/bind/bind-9.8.4-P1/lib/export/isc/include
making all in /home/phra/tesi/mih/ODTONE/app/dhcp_usr/libs/bind/bind-9.8.4-P1/lib/export/isc/include/isc
making install in /home/phra/tesi/mih/ODTONE/app/dhcp_usr/libs/bind/bind-9.8.4-P1/lib/export/isc/include/isc
making install in /home/phra/tesi/mih/ODTONE/app/dhcp_usr/libs/bind/bind-9.8.4-P1/lib/export/isc/unix
making all in /home/phra/tesi/mih/ODTONE/app/dhcp_usr/libs/bind/bind-9.8.4-P1/lib/export/isc/unix/include
making all in /home/phra/tesi/mih/ODTONE/app/dhcp_usr/libs/bind/bind-9.8.4-P1/lib/export/isc/unix/include/isc
making install in /home/phra/tesi/mih/ODTONE/app/dhcp_usr/libs/bind/bind-9.8.4-P1/lib/export/isc/unix/include
making all in /home/phra/tesi/mih/ODTONE/app/dhcp_usr/libs/bind/bind-9.8.4-P1/lib/export/isc/unix/include/isc
making install in /home/phra/tesi/mih/ODTONE/app/dhcp_usr/libs/bind/bind-9.8.4-P1/lib/export/isc/unix/include/isc
making install in /home/phra/tesi/mih/ODTONE/app/dhcp_usr/libs/bind/bind-9.8.4-P1/lib/export/isc/nls
making install in /home/phra/tesi/mih/ODTONE/app/dhcp_usr/libs/bind/bind-9.8.4-P1/lib/export/isc/nothreads
making all in /home/phra/tesi/mih/ODTONE/app/dhcp_usr/libs/bind/bind-9.8.4-P1/lib/export/isc/nothreads/include
making all in /home/phra/tesi/mih/ODTONE/app/dhcp_usr/libs/bind/bind-9.8.4-P1/lib/export/isc/nothreads/include/isc
making install in /home/phra/tesi/mih/ODTONE/app/dhcp_usr/libs/bind/bind-9.8.4-P1/lib/export/isc/nothreads/include
making all in /home/phra/tesi/mih/ODTONE/app/dhcp_usr/libs/bind/bind-9.8.4-P1/lib/export/isc/nothreads/include/isc
making install in /home/phra/tesi/mih/ODTONE/app/dhcp_usr/libs/bind/bind-9.8.4-P1/lib/export/isc/nothreads/include/isc
making install in /home/phra/tesi/mih/ODTONE/app/dhcp_usr/libs/bind/bind-9.8.4-P1/lib/export/dns
making all in /home/phra/tesi/mih/ODTONE/app/dhcp_usr/libs/bind/bind-9.8.4-P1/lib/export/dns/include
making all in /home/phra/tesi/mih/ODTONE/app/dhcp_usr/libs/bind/bind-9.8.4-P1/lib/export/dns/include/dns
making all in /home/phra/tesi/mih/ODTONE/app/dhcp_usr/libs/bind/bind-9.8.4-P1/lib/export/dns/include/dst
making install in /home/phra/tesi/mih/ODTONE/app/dhcp_usr/libs/bind/bind-9.8.4-P1/lib/export/dns/include
making all in /home/phra/tesi/mih/ODTONE/app/dhcp_usr/libs/bind/bind-9.8.4-P1/lib/export/dns/include/dns
making all in /home/phra/tesi/mih/ODTONE/app/dhcp_usr/libs/bind/bind-9.8.4-P1/lib/export/dns/include/dst
making install in /home/phra/tesi/mih/ODTONE/app/dhcp_usr/libs/bind/bind-9.8.4-P1/lib/export/dns/include/dns
making install in /home/phra/tesi/mih/ODTONE/app/dhcp_usr/libs/bind/bind-9.8.4-P1/lib/export/dns/include/dst
making install in /home/phra/tesi/mih/ODTONE/app/dhcp_usr/libs/bind/bind-9.8.4-P1/lib/export/isccfg
making all in /home/phra/tesi/mih/ODTONE/app/dhcp_usr/libs/bind/bind-9.8.4-P1/lib/export/isccfg/include
making all in /home/phra/tesi/mih/ODTONE/app/dhcp_usr/libs/bind/bind-9.8.4-P1/lib/export/isccfg/include/isccfg
making install in /home/phra/tesi/mih/ODTONE/app/dhcp_usr/libs/bind/bind-9.8.4-P1/lib/export/isccfg/include
making all in /home/phra/tesi/mih/ODTONE/app/dhcp_usr/libs/bind/bind-9.8.4-P1/lib/export/isccfg/include/isccfg
making install in /home/phra/tesi/mih/ODTONE/app/dhcp_usr/libs/bind/bind-9.8.4-P1/lib/export/isccfg/include/isccfg
making install in /home/phra/tesi/mih/ODTONE/app/dhcp_usr/libs/bind/bind-9.8.4-P1/lib/export/irs
making all in /home/phra/tesi/mih/ODTONE/app/dhcp_usr/libs/bind/bind-9.8.4-P1/lib/export/irs/include
making all in /home/phra/tesi/mih/ODTONE/app/dhcp_usr/libs/bind/bind-9.8.4-P1/lib/export/irs/include/irs
making install in /home/phra/tesi/mih/ODTONE/app/dhcp_usr/libs/bind/bind-9.8.4-P1/lib/export/irs/include
making all in /home/phra/tesi/mih/ODTONE/app/dhcp_usr/libs/bind/bind-9.8.4-P1/lib/export/irs/include/irs
making install in /home/phra/tesi/mih/ODTONE/app/dhcp_usr/libs/bind/bind-9.8.4-P1/lib/export/irs/include/irs
making install in /home/phra/tesi/mih/ODTONE/app/dhcp_usr/libs/bind/bind-9.8.4-P1/lib/export/samples
